timestamp: 2012-01-28T07:50:45.947808
CREATE TABLE auth_user(
    id INTEGER PRIMARY KEY AUTOINCREMENT,
    first_name CHAR(128),
    last_name CHAR(128),
    email CHAR(512),
    password CHAR(512),
    registration_key CHAR(512),
    reset_password_key CHAR(512),
    registration_id CHAR(512),
    nickname CHAR(512),
    website CHAR(512),
    avatar CHAR(512),
    thumbnail CHAR(512),
    about TEXT,
    gender CHAR(512),
    birthdate DATE
);
success!
timestamp: 2012-01-28T07:50:46.094950
CREATE TABLE auth_group(
    id INTEGER PRIMARY KEY AUTOINCREMENT,
    role CHAR(512),
    description TEXT
);
success!
timestamp: 2012-01-28T07:50:46.236784
CREATE TABLE auth_membership(
    id INTEGER PRIMARY KEY AUTOINCREMENT,
    user_id INTEGER REFERENCES auth_user(id) ON DELETE CASCADE,
    group_id INTEGER REFERENCES auth_group(id) ON DELETE CASCADE
);
success!
timestamp: 2012-01-28T07:50:46.428327
CREATE TABLE auth_permission(
    id INTEGER PRIMARY KEY AUTOINCREMENT,
    group_id INTEGER REFERENCES auth_group(id) ON DELETE CASCADE,
    name CHAR(512),
    table_name CHAR(512),
    record_id INTEGER
);
success!
timestamp: 2012-01-28T07:50:46.578943
CREATE TABLE auth_event(
    id INTEGER PRIMARY KEY AUTOINCREMENT,
    time_stamp TIMESTAMP,
    client_ip CHAR(512),
    user_id INTEGER REFERENCES auth_user(id) ON DELETE CASCADE,
    origin CHAR(512),
    description TEXT
);
success!
timestamp: 2012-01-28T07:50:46.708074
CREATE TABLE auth_cas(
    id INTEGER PRIMARY KEY AUTOINCREMENT,
    user_id INTEGER REFERENCES auth_user(id) ON DELETE CASCADE,
    created_on TIMESTAMP,
    service CHAR(512),
    ticket CHAR(512),
    renew CHAR(1)
);
success!
timestamp: 2012-01-28T07:50:46.876356
CREATE TABLE blog_post(
    id INTEGER PRIMARY KEY AUTOINCREMENT,
    author INTEGER REFERENCES auth_user(id) ON DELETE CASCADE,
    title CHAR(512) NOT NULL,
    body_text TEXT NOT NULL,
    slug TEXT NOT NULL,
    is_active CHAR(1),
    created_on TIMESTAMP,
    created_by INTEGER REFERENCES auth_user(id) ON DELETE CASCADE,
    modified_on TIMESTAMP,
    modified_by INTEGER REFERENCES auth_user(id) ON DELETE CASCADE
);
success!
timestamp: 2012-01-28T09:37:46.973529
CREATE TABLE plugin_ckeditor_upload(
    id INTEGER PRIMARY KEY AUTOINCREMENT,
    title CHAR(255),
    filename CHAR(255),
    flength INTEGER,
    mime_type CHAR(128),
    upload CHAR(512),
    user_id INTEGER,
    created_on TIMESTAMP
);
success!
timestamp: 2012-01-28T09:44:35.080322
ALTER TABLE blog_post ADD description TEXT;
