[2013-10-09 22:20:23] START
[2013-10-09 22:20:30] CREATE db1.py: 0
[2013-10-09 22:22:23] EDIT surveys/models/db1.py: 6
[2013-10-09 22:22:50] EDIT surveys/models/db1.py: 0
[2013-10-09 22:23:09] EDIT surveys/models/db1.py: 0
[2013-10-09 22:23:49] EDIT surveys/controllers/default.py: -4
[2013-10-09 22:24:13] EDIT surveys/models/db1.py: 0
[2013-10-09 22:24:51] EDIT surveys/models/db1.py: 1
[2013-10-09 22:25:18] EDIT surveys/models/db1.py: 0
[2013-10-09 22:25:44] EDIT surveys/controllers/default.py: 2
[2013-10-09 22:27:17] EDIT surveys/controllers/default.py: 2
[2013-10-09 22:27:30] EDIT surveys/controllers/default.py: 0
[2013-10-09 22:28:25] EDIT surveys/controllers/default.py: 2
[2013-10-09 22:29:32] EDIT surveys/controllers/default.py: 4
[2013-10-09 22:31:15] EDIT surveys/controllers/default.py: 0
[2013-10-09 22:34:09] EDIT surveys/controllers/default.py: 1
[2013-10-09 22:34:44] EDIT surveys/controllers/default.py: -1
[2013-10-09 22:35:13] EDIT surveys/controllers/default.py: 0
[2013-10-09 22:35:34] CREATE default/take_survey.html: 0
[2013-10-09 22:36:08] EDIT surveys/views/default/take_survey.html: 4
[2013-10-09 22:36:27] EDIT surveys/views/default/take_survey.html: 3
[2013-10-09 22:36:53] EDIT surveys/views/default/take_survey.html: 2
[2013-10-09 22:38:02] EDIT surveys/views/default/take_survey.html: 2
[2013-10-09 22:38:29] EDIT surveys/views/default/take_survey.html: 0
[2013-10-09 22:38:46] EDIT surveys/views/default/take_survey.html: 1
[2013-10-09 22:39:06] EDIT surveys/views/default/take_survey.html: 0
[2013-10-09 22:39:08] EDIT surveys/views/default/take_survey.html: 0
[2013-10-09 22:39:11] EDIT surveys/views/default/take_survey.html: 0
[2013-10-09 22:39:22] EDIT surveys/views/default/take_survey.html: 0
[2013-10-09 22:39:32] EDIT surveys/views/default/take_survey.html: 0
[2013-10-09 22:40:20] EDIT surveys/views/default/take_survey.html: 0
[2013-10-09 22:41:34] EDIT surveys/controllers/default.py: 4
[2013-10-09 22:41:46] EDIT surveys/controllers/default.py: 1
[2013-10-09 22:41:57] EDIT surveys/controllers/default.py: 2
[2013-10-09 22:42:16] EDIT surveys/controllers/default.py: 0
[2013-10-09 22:42:35] EDIT surveys/controllers/default.py: 0
[2013-10-09 22:42:47] EDIT surveys/controllers/default.py: 0
[2013-10-09 22:43:12] EDIT surveys/controllers/default.py: 4
[2013-10-09 22:43:50] CREATE default/see_results.html: 0
[2013-10-09 22:44:29] EDIT surveys/views/default/see_results.html: 10
[2013-10-09 22:44:40] EDIT surveys/views/default/see_results.html: 0
[2013-10-09 22:45:08] EDIT surveys/views/default/see_results.html: -1
[2013-10-09 22:46:18] EDIT surveys/controllers/default.py: 1
[2013-10-09 22:46:33] EDIT surveys/views/default/index.html: -30
[2013-10-09 22:46:48] EDIT surveys/controllers/default.py: 0
[2013-10-09 22:47:26] EDIT surveys/controllers/default.py: 1
[2013-10-09 22:47:32] EDIT surveys/controllers/default.py: 1
[2013-10-09 22:48:32] EDIT surveys/controllers/default.py: 1
[2013-10-09 22:49:07] EDIT surveys/controllers/default.py: 1
[2013-10-09 22:49:17] EDIT surveys/controllers/default.py: 0
[2013-10-09 22:49:29] EDIT surveys/controllers/default.py: 0
[2013-10-09 22:49:54] EDIT surveys/controllers/default.py: 0
[2013-10-09 22:50:23] EDIT surveys/controllers/default.py: 1
[2013-10-09 22:50:37] EDIT surveys/controllers/default.py: 0
[2013-10-09 22:51:04] EDIT surveys/controllers/default.py: 0
[2013-10-09 22:51:15] EDIT surveys/controllers/default.py: 0
[2013-10-09 22:52:20] EDIT surveys/controllers/default.py: 2
[2013-10-09 22:52:47] EDIT surveys/controllers/default.py: -2
[2013-10-09 22:53:26] EDIT surveys/views/default/index.html: 1
[2013-10-09 22:54:29] EDIT surveys/models/menu.py: 0
[2013-10-09 22:54:42] EDIT surveys/models/menu.py: 0
[2013-10-09 22:54:51] EDIT surveys/models/menu.py: -104
[2013-10-09 22:55:16] EDIT surveys/views/default/index.html: 2
[2013-10-09 22:55:36] EDIT surveys/views/default/index.html: 2
[2013-10-09 22:56:06] EDIT surveys/controllers/default.py: 1
[2013-10-09 22:56:59] EDIT surveys/controllers/default.py: 4
[2013-10-09 22:58:26] EDIT surveys/controllers/default.py: 0
[2013-10-09 22:58:55] EDIT surveys/models/db1.py: 1
[2013-10-09 22:58:56] EDIT surveys/models/db1.py: 0
[2013-10-09 22:59:00] EDIT surveys/models/db1.py: 0
[2013-10-09 22:59:02] EDIT surveys/models/db1.py: 0
[2013-10-09 23:00:08] EDIT surveys/controllers/default.py: 2
[2013-10-09 23:00:11] EDIT surveys/controllers/default.py: 0
[2013-10-09 23:00:16] EDIT surveys/controllers/default.py: 0
[2013-10-09 23:02:05] EDIT surveys/controllers/default.py: 0
[2013-10-09 23:02:37] EDIT surveys/controllers/default.py: 1
[2013-10-09 23:03:21] EDIT surveys/models/db1.py: 3
[2013-10-09 23:03:26] EDIT surveys/models/db1.py: 0
[2013-10-09 23:03:28] EDIT surveys/models/db1.py: 0
[2013-10-09 23:04:24] EDIT surveys/controllers/default.py: 4
[2013-10-09 23:04:39] EDIT surveys/controllers/default.py: 1
[2013-10-09 23:04:44] EDIT surveys/controllers/default.py: 0
[2013-10-09 23:05:08] EDIT surveys/controllers/default.py: 0
[2013-10-09 23:07:30] EDIT surveys/controllers/default.py: 0
[2013-10-09 23:07:55] EDIT surveys/controllers/default.py: 0
[2013-10-09 23:08:49] EDIT surveys/controllers/default.py: 0
[2013-10-09 23:08:55] EDIT surveys/controllers/default.py: 1
[2013-10-09 23:10:39] EDIT surveys/controllers/default.py: 0
