[2013-10-17 08:29:20] START
[2013-10-17 08:29:29] CREATE db1.py: 0
[2013-10-17 08:30:29] EDIT notifier/models/db1.py: 6
[2013-10-17 08:30:33] EDIT notifier/models/db1.py: 0
[2013-10-23 13:06:38] CREATE plugin_comments.py: 0
[2013-10-23 13:07:08] CREATE plugin_comments.py: 0
[2013-10-23 13:07:50] CREATE plugin_comments/index.html: 0
[2013-10-23 13:09:12] EDIT notifier/models/db1.py: -4
[2013-10-23 13:09:23] EDIT notifier/models/db1.py: 0
[2013-10-23 13:09:35] EDIT notifier/models/plugin_comments.py: 4
[2013-10-23 13:11:02] EDIT notifier/controllers/default.py: -8
[2013-10-23 13:11:34] EDIT notifier/models/plugin_comments.py: 10
[2013-10-23 13:12:00] EDIT notifier/models/plugin_comments.py: -4
[2013-10-23 13:12:44] EDIT notifier/controllers/default.py: 7
[2013-10-23 13:12:48] EDIT notifier/controllers/default.py: 0
[2013-10-23 13:14:02] EDIT notifier/views/default/view_task.html: -21
[2013-10-23 13:14:17] EDIT notifier/views/plugin_comments/index.html: 18
[2013-10-23 13:14:39] EDIT notifier/views/default/view_task.html: 1
[2013-10-23 13:14:41] EDIT notifier/views/default/view_task.html: 0
[2013-10-23 13:16:37] EDIT notifier/controllers/plugin_comments.py: 1
[2013-10-23 13:17:06] EDIT notifier/controllers/plugin_comments.py: 0
[2013-10-23 13:17:39] EDIT notifier/views/default/view_task.html: 0
[2013-10-23 13:18:37] EDIT notifier/models/plugin_comments.py: -6
[2013-10-23 13:18:47] EDIT notifier/controllers/plugin_comments.py: 4
[2013-10-23 13:19:07] EDIT notifier/controllers/plugin_comments.py: 0
[2013-10-23 13:19:19] EDIT notifier/controllers/default.py: 0
[2013-10-23 13:25:07] EDIT notifier/controllers/default.py: -8
[2013-10-23 13:25:15] EDIT notifier/controllers/plugin_comments.py: 8
[2013-10-23 13:28:07] EDIT notifier/controllers/plugin_comments.py: 0
[2013-10-23 13:35:52] EDIT notifier/models/plugin_comments.py: 1
[2013-10-23 13:36:11] EDIT notifier/views/default/view_task.html: 0
[2013-10-23 13:36:40] EDIT notifier/controllers/plugin_comments.py: 2
[2013-10-23 13:37:54] EDIT notifier/controllers/plugin_comments.py: 2
[2013-10-23 13:38:25] EDIT notifier/controllers/default.py: -2
[2013-10-23 13:41:21] EDIT notifier/models/plugin_comments.py: 0
[2013-10-23 13:41:42] EDIT notifier/controllers/plugin_comments.py: 0
[2013-10-23 13:47:02] EDIT notifier/controllers/plugin_comments.py: 1
[2013-10-23 13:47:20] EDIT notifier/views/default/view_task.html: 0
[2013-10-23 13:48:14] EDIT notifier/views/default/view_task.html: 0
[2013-10-23 14:13:18] EDIT notifier/views/default/view_task.html: 0
